-------------------------------------------------------------------------------
Test set: learn.programming.service.TodoServiceTest
-------------------------------------------------------------------------------
Tests run: 1, Failures: 0, Errors: 1, Skipped: 0, Time elapsed: 18.454 s <<< FAILURE! - in learn.programming.service.TodoServiceTest
learn.programming.service.TodoServiceTest  Time elapsed: 18.451 s  <<< ERROR!
org.jboss.arquillian.container.spi.client.container.LifecycleException: Could not start GlassFish Embedded
Caused by: java.lang.RuntimeException: org.glassfish.embeddable.GlassFishException: Server failed to start
Caused by: org.glassfish.embeddable.GlassFishException: Server failed to start

